<?xml version="1.0" encoding="UTF-8"?>
<!-- Generated by org.testng.reporters.JUnitReportReporter -->
<testsuite skipped="0" hostname="Abhas-MBP.fios-router.home" name="tests.TestAPI" tests="5" failures="0" timestamp="2019-01-25T14:30:02 EST" time="4.470" errors="0">
  <testcase name="testPostStatusCode" time="1.076" classname="tests.TestAPI"/>
  <testcase name="testGetStatusCode" time="0.777" classname="tests.TestAPI"/>
  <testcase name="testGetBody" time="0.788" classname="tests.TestAPI"/>
  <testcase name="testPostResponseMessage" time="1.118" classname="tests.TestAPI"/>
  <testcase name="testcheckProxy" time="0.711" classname="tests.TestAPI"/>
</testsuite> <!-- tests.TestAPI -->
